<?xml version="1.0" encoding="UTF-8"?>
<testsuite xmlns:xsi="http://www.w3.org/2001/XMLSchema-instance" xsi:noNamespaceSchemaLocation="https://maven.apache.org/surefire/maven-surefire-plugin/xsd/surefire-test-report-3.0.xsd" version="3.0" name="stellarburgers.tests.LoginUserTest" time="2.075" tests="2" errors="0" skipped="0" failures="0">
  <properties>
[...]
</properties>
  <testcase name="loginWithExistingUserSuccessfully" classname="stellarburgers.tests.LoginUserTest" time="1.038"/>
  <testcase name="loginWithWrongCredentialsShouldReturnError" classname="stellarburgers.tests.LoginUserTest" time="1.032"/>
</testsuite>